2026-06-02 14:13:35.624 [restartedMain] INFO  o.e.aopexam.afteraop.AopApplication - Starting AopApplication using Java 21.0.6 with PID 9952 (D:\devel\likelion\backend-school_24\workspace\iocexam\out\production\classes started by carami in D:\devel\likelion\backend-school_24\workspace\iocexam)
2026-06-02 14:13:35.630 [restartedMain] DEBUG o.e.aopexam.afteraop.AopApplication - Running with Spring Boot v4.0.6, Spring v7.0.7
2026-06-02 14:13:35.631 [restartedMain] INFO  o.e.aopexam.afteraop.AopApplication - The following 1 profile is active: "prod"
2026-06-02 14:13:35.754 [restartedMain] INFO  o.s.b.d.e.DevToolsPropertyDefaultsPostProcessor - Devtools property defaults active! Set 'spring.devtools.add-properties' to 'false' to disable
2026-06-02 14:13:36.991 [restartedMain] INFO  o.e.aopexam.afteraop.AopApplication - Started AopApplication in 3.782 seconds (process running for 5.476)
2026-06-02 14:22:53.024 [restartedMain] INFO  o.e.aopexam.afteraop.AopApplication - Starting AopApplication using Java 21.0.6 with PID 28260 (D:\devel\likelion\backend-school_24\workspace\iocexam\out\production\classes started by carami in D:\devel\likelion\backend-school_24\workspace\iocexam)
2026-06-02 14:22:53.029 [restartedMain] DEBUG o.e.aopexam.afteraop.AopApplication - Running with Spring Boot v3.5.14, Spring v6.2.18
2026-06-02 14:22:53.033 [restartedMain] INFO  o.e.aopexam.afteraop.AopApplication - The following 1 profile is active: "prod"
2026-06-02 14:22:53.132 [restartedMain] INFO  o.s.b.d.e.DevToolsPropertyDefaultsPostProcessor - Devtools property defaults active! Set 'spring.devtools.add-properties' to 'false' to disable
2026-06-02 14:22:55.737 [restartedMain] INFO  o.s.b.d.a.OptionalLiveReloadServer - LiveReload server is running on port 35729
2026-06-02 14:22:55.805 [restartedMain] INFO  o.e.aopexam.afteraop.AopApplication - Started AopApplication in 4.86 seconds (process running for 6.416)
2026-06-02 14:23:52.912 [restartedMain] INFO  o.e.aopexam.afteraop.AopApplication - Starting AopApplication using Java 21.0.6 with PID 41664 (D:\devel\likelion\backend-school_24\workspace\iocexam\out\production\classes started by carami in D:\devel\likelion\backend-school_24\workspace\iocexam)
2026-06-02 14:23:52.916 [restartedMain] DEBUG o.e.aopexam.afteraop.AopApplication - Running with Spring Boot v3.5.14, Spring v6.2.18
2026-06-02 14:23:52.922 [restartedMain] INFO  o.e.aopexam.afteraop.AopApplication - The following 1 profile is active: "prod"
2026-06-02 14:23:53.072 [restartedMain] INFO  o.s.b.d.e.DevToolsPropertyDefaultsPostProcessor - Devtools property defaults active! Set 'spring.devtools.add-properties' to 'false' to disable
2026-06-02 14:23:55.688 [restartedMain] INFO  o.s.b.d.a.OptionalLiveReloadServer - LiveReload server is running on port 35729
2026-06-02 14:23:55.792 [restartedMain] INFO  o.e.aopexam.afteraop.AopApplication - Started AopApplication in 4.935 seconds (process running for 7.025)
2026-06-02 14:25:39.973 [restartedMain] INFO  o.e.aopexam.afteraop.AopApplication - Starting AopApplication using Java 21.0.6 with PID 24028 (D:\devel\likelion\backend-school_24\workspace\iocexam\out\production\classes started by carami in D:\devel\likelion\backend-school_24\workspace\iocexam)
2026-06-02 14:25:39.978 [restartedMain] DEBUG o.e.aopexam.afteraop.AopApplication - Running with Spring Boot v3.5.14, Spring v6.2.18
2026-06-02 14:25:39.979 [restartedMain] INFO  o.e.aopexam.afteraop.AopApplication - The following 1 profile is active: "prod"
2026-06-02 14:25:40.102 [restartedMain] INFO  o.s.b.d.e.DevToolsPropertyDefaultsPostProcessor - Devtools property defaults active! Set 'spring.devtools.add-properties' to 'false' to disable
2026-06-02 14:25:42.400 [restartedMain] INFO  o.s.b.d.a.OptionalLiveReloadServer - LiveReload server is running on port 35729
2026-06-02 14:25:42.439 [restartedMain] INFO  o.e.aopexam.afteraop.AopApplication - Started AopApplication in 4.973 seconds (process running for 6.459)
2026-06-02 14:28:29.026 [restartedMain] INFO  o.e.aopexam.afteraop.AopApplication - Starting AopApplication using Java 21.0.6 with PID 41236 (D:\devel\likelion\backend-school_24\workspace\iocexam\out\production\classes started by carami in D:\devel\likelion\backend-school_24\workspace\iocexam)
2026-06-02 14:28:29.028 [restartedMain] DEBUG o.e.aopexam.afteraop.AopApplication - Running with Spring Boot v3.5.14, Spring v6.2.18
2026-06-02 14:28:29.030 [restartedMain] INFO  o.e.aopexam.afteraop.AopApplication - No active profile set, falling back to 1 default profile: "default"
2026-06-02 14:28:29.117 [restartedMain] INFO  o.s.b.d.e.DevToolsPropertyDefaultsPostProcessor - Devtools property defaults active! Set 'spring.devtools.add-properties' to 'false' to disable
2026-06-02 14:28:31.089 [restartedMain] INFO  o.s.b.d.a.OptionalLiveReloadServer - LiveReload server is running on port 35729
2026-06-02 14:28:31.340 [restartedMain] INFO  o.e.aopexam.afteraop.AopApplication - Started AopApplication in 4.258 seconds (process running for 7.97)
2026-06-02 14:40:22.906 [restartedMain] INFO  o.e.aopexam.afteraop.AopApplication - Starting AopApplication using Java 21.0.6 with PID 10460 (D:\devel\likelion\backend-school_24\workspace\iocexam\out\production\classes started by carami in D:\devel\likelion\backend-school_24\workspace\iocexam)
2026-06-02 14:40:22.908 [restartedMain] DEBUG o.e.aopexam.afteraop.AopApplication - Running with Spring Boot v3.5.14, Spring v6.2.18
2026-06-02 14:40:22.909 [restartedMain] INFO  o.e.aopexam.afteraop.AopApplication - No active profile set, falling back to 1 default profile: "default"
2026-06-02 14:40:22.980 [restartedMain] INFO  o.s.b.d.e.DevToolsPropertyDefaultsPostProcessor - Devtools property defaults active! Set 'spring.devtools.add-properties' to 'false' to disable
2026-06-02 14:40:24.561 [restartedMain] INFO  o.s.b.d.a.OptionalLiveReloadServer - LiveReload server is running on port 35729
2026-06-02 14:40:24.585 [restartedMain] INFO  o.e.aopexam.afteraop.AopApplication - Started AopApplication in 3.025 seconds (process running for 4.7)
2026-06-02 14:46:08.484 [restartedMain] INFO  o.e.aopexam.afteraop.AopApplication - Starting AopApplication using Java 21.0.6 with PID 10752 (D:\devel\likelion\backend-school_24\workspace\iocexam\out\production\classes started by carami in D:\devel\likelion\backend-school_24\workspace\iocexam)
2026-06-02 14:46:08.487 [restartedMain] DEBUG o.e.aopexam.afteraop.AopApplication - Running with Spring Boot v3.5.14, Spring v6.2.18
2026-06-02 14:46:08.489 [restartedMain] INFO  o.e.aopexam.afteraop.AopApplication - No active profile set, falling back to 1 default profile: "default"
2026-06-02 14:46:08.574 [restartedMain] INFO  o.s.b.d.e.DevToolsPropertyDefaultsPostProcessor - Devtools property defaults active! Set 'spring.devtools.add-properties' to 'false' to disable
2026-06-02 14:46:10.482 [restartedMain] INFO  o.s.b.d.a.OptionalLiveReloadServer - LiveReload server is running on port 35729
2026-06-02 14:46:10.520 [restartedMain] INFO  o.e.aopexam.afteraop.AopApplication - Started AopApplication in 3.231 seconds (process running for 4.335)
2026-06-02 14:46:34.231 [restartedMain] INFO  o.e.aopexam.afteraop.AopApplication - Starting AopApplication using Java 21.0.6 with PID 15680 (D:\devel\likelion\backend-school_24\workspace\iocexam\out\production\classes started by carami in D:\devel\likelion\backend-school_24\workspace\iocexam)
2026-06-02 14:46:34.233 [restartedMain] DEBUG o.e.aopexam.afteraop.AopApplication - Running with Spring Boot v3.5.14, Spring v6.2.18
2026-06-02 14:46:34.236 [restartedMain] INFO  o.e.aopexam.afteraop.AopApplication - No active profile set, falling back to 1 default profile: "default"
2026-06-02 14:46:34.328 [restartedMain] INFO  o.s.b.d.e.DevToolsPropertyDefaultsPostProcessor - Devtools property defaults active! Set 'spring.devtools.add-properties' to 'false' to disable
2026-06-02 14:46:35.407 [restartedMain] INFO  o.s.b.d.a.OptionalLiveReloadServer - LiveReload server is running on port 35729
2026-06-02 14:46:35.454 [restartedMain] INFO  o.e.aopexam.afteraop.AopApplication - Started AopApplication in 2.374 seconds (process running for 3.362)
2026-06-02 14:47:23.372 [restartedMain] INFO  o.e.aopexam.afteraop.AopApplication - Starting AopApplication using Java 21.0.6 with PID 6380 (D:\devel\likelion\backend-school_24\workspace\iocexam\out\production\classes started by carami in D:\devel\likelion\backend-school_24\workspace\iocexam)
2026-06-02 14:47:23.376 [restartedMain] INFO  o.e.aopexam.afteraop.AopApplication - No active profile set, falling back to 1 default profile: "default"
2026-06-02 14:47:23.444 [restartedMain] INFO  o.s.b.d.e.DevToolsPropertyDefaultsPostProcessor - Devtools property defaults active! Set 'spring.devtools.add-properties' to 'false' to disable
2026-06-02 14:47:24.361 [restartedMain] INFO  o.s.b.d.a.OptionalLiveReloadServer - LiveReload server is running on port 35729
2026-06-02 14:47:24.387 [restartedMain] INFO  o.e.aopexam.afteraop.AopApplication - Started AopApplication in 2.14 seconds (process running for 3.078)
2026-06-02 14:47:50.782 [restartedMain] INFO  o.e.aopexam.afteraop.AopApplication - Starting AopApplication using Java 21.0.6 with PID 2488 (D:\devel\likelion\backend-school_24\workspace\iocexam\out\production\classes started by carami in D:\devel\likelion\backend-school_24\workspace\iocexam)
2026-06-02 14:47:50.786 [restartedMain] INFO  o.e.aopexam.afteraop.AopApplication - No active profile set, falling back to 1 default profile: "default"
2026-06-02 14:47:50.855 [restartedMain] INFO  o.s.b.d.e.DevToolsPropertyDefaultsPostProcessor - Devtools property defaults active! Set 'spring.devtools.add-properties' to 'false' to disable
2026-06-02 14:47:51.793 [restartedMain] INFO  o.s.b.d.a.OptionalLiveReloadServer - LiveReload server is running on port 35729
2026-06-02 14:47:51.820 [restartedMain] INFO  o.e.aopexam.afteraop.AopApplication - Started AopApplication in 1.941 seconds (process running for 2.79)
2026-06-02 14:48:28.548 [restartedMain] INFO  o.e.aopexam.afteraop.AopApplication - Starting AopApplication using Java 21.0.6 with PID 21780 (D:\devel\likelion\backend-school_24\workspace\iocexam\out\production\classes started by carami in D:\devel\likelion\backend-school_24\workspace\iocexam)
2026-06-02 14:48:28.551 [restartedMain] INFO  o.e.aopexam.afteraop.AopApplication - No active profile set, falling back to 1 default profile: "default"
2026-06-02 14:48:28.623 [restartedMain] INFO  o.s.b.d.e.DevToolsPropertyDefaultsPostProcessor - Devtools property defaults active! Set 'spring.devtools.add-properties' to 'false' to disable
2026-06-02 14:48:29.796 [restartedMain] INFO  o.s.b.d.a.OptionalLiveReloadServer - LiveReload server is running on port 35729
2026-06-02 14:48:29.820 [restartedMain] INFO  o.e.aopexam.afteraop.AopApplication - Started AopApplication in 2.24 seconds (process running for 3.726)
2026-06-02 15:06:42.576 [restartedMain] INFO  o.e.aopexam.afteraop.AopApplication - Starting AopApplication using Java 21.0.6 with PID 17144 (D:\devel\likelion\backend-school_24\workspace\iocexam\out\production\classes started by carami in D:\devel\likelion\backend-school_24\workspace\iocexam)
2026-06-02 15:06:42.579 [restartedMain] INFO  o.e.aopexam.afteraop.AopApplication - No active profile set, falling back to 1 default profile: "default"
2026-06-02 15:06:42.665 [restartedMain] INFO  o.s.b.d.e.DevToolsPropertyDefaultsPostProcessor - Devtools property defaults active! Set 'spring.devtools.add-properties' to 'false' to disable
2026-06-02 15:06:44.275 [restartedMain] INFO  o.s.b.d.a.OptionalLiveReloadServer - LiveReload server is running on port 35729
2026-06-02 15:06:44.303 [restartedMain] INFO  o.e.aopexam.afteraop.AopApplication - Started AopApplication in 2.866 seconds (process running for 3.92)
2026-06-02 15:08:19.503 [restartedMain] INFO  o.e.aopexam.afteraop.AopApplication - Starting AopApplication using Java 21.0.6 with PID 9032 (D:\devel\likelion\backend-school_24\workspace\iocexam\out\production\classes started by carami in D:\devel\likelion\backend-school_24\workspace\iocexam)
2026-06-02 15:08:19.506 [restartedMain] INFO  o.e.aopexam.afteraop.AopApplication - No active profile set, falling back to 1 default profile: "default"
2026-06-02 15:08:19.570 [restartedMain] INFO  o.s.b.d.e.DevToolsPropertyDefaultsPostProcessor - Devtools property defaults active! Set 'spring.devtools.add-properties' to 'false' to disable
2026-06-02 15:08:20.814 [restartedMain] INFO  o.s.b.d.a.OptionalLiveReloadServer - LiveReload server is running on port 35729
2026-06-02 15:08:20.842 [restartedMain] INFO  o.e.aopexam.afteraop.AopApplication - Started AopApplication in 2.316 seconds (process running for 3.272)
2026-06-02 15:10:15.137 [restartedMain] INFO  o.e.aopexam.afteraop.AopApplication - Starting AopApplication using Java 21.0.6 with PID 9088 (D:\devel\likelion\backend-school_24\workspace\iocexam\out\production\classes started by carami in D:\devel\likelion\backend-school_24\workspace\iocexam)
2026-06-02 15:10:15.139 [restartedMain] INFO  o.e.aopexam.afteraop.AopApplication - No active profile set, falling back to 1 default profile: "default"
2026-06-02 15:10:15.205 [restartedMain] INFO  o.s.b.d.e.DevToolsPropertyDefaultsPostProcessor - Devtools property defaults active! Set 'spring.devtools.add-properties' to 'false' to disable
2026-06-02 15:10:16.478 [restartedMain] INFO  o.s.b.d.a.OptionalLiveReloadServer - LiveReload server is running on port 35729
2026-06-02 15:10:16.509 [restartedMain] INFO  o.e.aopexam.afteraop.AopApplication - Started AopApplication in 2.394 seconds (process running for 3.421)
2026-06-02 15:10:36.330 [restartedMain] INFO  o.e.aopexam.afteraop.AopApplication - Starting AopApplication using Java 21.0.6 with PID 19956 (D:\devel\likelion\backend-school_24\workspace\iocexam\out\production\classes started by carami in D:\devel\likelion\backend-school_24\workspace\iocexam)
2026-06-02 15:10:36.334 [restartedMain] INFO  o.e.aopexam.afteraop.AopApplication - No active profile set, falling back to 1 default profile: "default"
2026-06-02 15:10:36.415 [restartedMain] INFO  o.s.b.d.e.DevToolsPropertyDefaultsPostProcessor - Devtools property defaults active! Set 'spring.devtools.add-properties' to 'false' to disable
2026-06-02 15:10:37.734 [restartedMain] INFO  o.s.b.d.a.OptionalLiveReloadServer - LiveReload server is running on port 35729
2026-06-02 15:10:37.763 [restartedMain] INFO  o.e.aopexam.afteraop.AopApplication - Started AopApplication in 2.474 seconds (process running for 3.501)
2026-06-02 15:11:53.834 [restartedMain] INFO  o.e.aopexam.afteraop.AopApplication - Starting AopApplication using Java 21.0.6 with PID 1844 (D:\devel\likelion\backend-school_24\workspace\iocexam\out\production\classes started by carami in D:\devel\likelion\backend-school_24\workspace\iocexam)
2026-06-02 15:11:53.838 [restartedMain] INFO  o.e.aopexam.afteraop.AopApplication - No active profile set, falling back to 1 default profile: "default"
2026-06-02 15:11:53.910 [restartedMain] INFO  o.s.b.d.e.DevToolsPropertyDefaultsPostProcessor - Devtools property defaults active! Set 'spring.devtools.add-properties' to 'false' to disable
2026-06-02 15:11:55.158 [restartedMain] INFO  o.s.b.d.a.OptionalLiveReloadServer - LiveReload server is running on port 35729
2026-06-02 15:11:55.185 [restartedMain] INFO  o.e.aopexam.afteraop.AopApplication - Started AopApplication in 2.508 seconds (process running for 3.573)
2026-06-02 15:12:25.939 [restartedMain] INFO  o.e.aopexam.afteraop.AopApplication - Starting AopApplication using Java 21.0.6 with PID 2348 (D:\devel\likelion\backend-school_24\workspace\iocexam\out\production\classes started by carami in D:\devel\likelion\backend-school_24\workspace\iocexam)
2026-06-02 15:12:25.943 [restartedMain] INFO  o.e.aopexam.afteraop.AopApplication - No active profile set, falling back to 1 default profile: "default"
2026-06-02 15:12:26.020 [restartedMain] INFO  o.s.b.d.e.DevToolsPropertyDefaultsPostProcessor - Devtools property defaults active! Set 'spring.devtools.add-properties' to 'false' to disable
2026-06-02 15:12:27.244 [restartedMain] INFO  o.s.b.d.a.OptionalLiveReloadServer - LiveReload server is running on port 35729
2026-06-02 15:12:27.269 [restartedMain] INFO  o.e.aopexam.afteraop.AopApplication - Started AopApplication in 2.373 seconds (process running for 3.424)
2026-06-02 15:19:43.865 [restartedMain] INFO  o.e.aopexam.afteraop.AopApplication - Starting AopApplication using Java 21.0.6 with PID 9872 (D:\devel\likelion\backend-school_24\workspace\iocexam\out\production\classes started by carami in D:\devel\likelion\backend-school_24\workspace\iocexam)
2026-06-02 15:19:43.868 [restartedMain] INFO  o.e.aopexam.afteraop.AopApplication - No active profile set, falling back to 1 default profile: "default"
2026-06-02 15:19:43.973 [restartedMain] INFO  o.s.b.d.e.DevToolsPropertyDefaultsPostProcessor - Devtools property defaults active! Set 'spring.devtools.add-properties' to 'false' to disable
2026-06-02 15:19:45.405 [restartedMain] INFO  o.s.b.d.a.OptionalLiveReloadServer - LiveReload server is running on port 35729
2026-06-02 15:19:45.431 [restartedMain] INFO  o.e.aopexam.afteraop.AopApplication - Started AopApplication in 2.744 seconds (process running for 3.758)
2026-06-02 15:20:51.376 [restartedMain] INFO  o.e.aopexam.afteraop.AopApplication - Starting AopApplication using Java 21.0.6 with PID 6528 (D:\devel\likelion\backend-school_24\workspace\iocexam\out\production\classes started by carami in D:\devel\likelion\backend-school_24\workspace\iocexam)
2026-06-02 15:20:51.380 [restartedMain] INFO  o.e.aopexam.afteraop.AopApplication - No active profile set, falling back to 1 default profile: "default"
2026-06-02 15:20:51.451 [restartedMain] INFO  o.s.b.d.e.DevToolsPropertyDefaultsPostProcessor - Devtools property defaults active! Set 'spring.devtools.add-properties' to 'false' to disable
2026-06-02 15:20:52.672 [restartedMain] INFO  o.s.b.d.a.OptionalLiveReloadServer - LiveReload server is running on port 35729
2026-06-02 15:20:52.699 [restartedMain] INFO  o.e.aopexam.afteraop.AopApplication - Started AopApplication in 2.332 seconds (process running for 3.369)
2026-06-02 15:23:31.823 [restartedMain] INFO  o.e.aopexam.afteraop.AopApplication - Starting AopApplication using Java 21.0.6 with PID 11200 (D:\devel\likelion\backend-school_24\workspace\iocexam\out\production\classes started by carami in D:\devel\likelion\backend-school_24\workspace\iocexam)
2026-06-02 15:23:31.825 [restartedMain] INFO  o.e.aopexam.afteraop.AopApplication - No active profile set, falling back to 1 default profile: "default"
2026-06-02 15:23:31.899 [restartedMain] INFO  o.s.b.d.e.DevToolsPropertyDefaultsPostProcessor - Devtools property defaults active! Set 'spring.devtools.add-properties' to 'false' to disable
2026-06-02 15:23:33.186 [restartedMain] INFO  o.s.b.d.a.OptionalLiveReloadServer - LiveReload server is running on port 35729
2026-06-02 15:23:33.214 [restartedMain] INFO  o.e.aopexam.afteraop.AopApplication - Started AopApplication in 2.526 seconds (process running for 3.517)
2026-06-02 15:26:17.081 [restartedMain] INFO  o.e.aopexam.afteraop.AopApplication - Starting AopApplication using Java 21.0.6 with PID 2080 (D:\devel\likelion\backend-school_24\workspace\iocexam\out\production\classes started by carami in D:\devel\likelion\backend-school_24\workspace\iocexam)
2026-06-02 15:26:17.085 [restartedMain] INFO  o.e.aopexam.afteraop.AopApplication - No active profile set, falling back to 1 default profile: "default"
2026-06-02 15:26:17.150 [restartedMain] INFO  o.s.b.d.e.DevToolsPropertyDefaultsPostProcessor - Devtools property defaults active! Set 'spring.devtools.add-properties' to 'false' to disable
2026-06-02 15:26:18.411 [restartedMain] INFO  o.s.b.d.a.OptionalLiveReloadServer - LiveReload server is running on port 35729
2026-06-02 15:26:18.438 [restartedMain] INFO  o.e.aopexam.afteraop.AopApplication - Started AopApplication in 2.329 seconds (process running for 3.25)
2026-06-02 15:27:28.683 [restartedMain] INFO  o.e.aopexam.afteraop.AopApplication - Starting AopApplication using Java 21.0.6 with PID 12356 (D:\devel\likelion\backend-school_24\workspace\iocexam\out\production\classes started by carami in D:\devel\likelion\backend-school_24\workspace\iocexam)
2026-06-02 15:27:28.686 [restartedMain] INFO  o.e.aopexam.afteraop.AopApplication - No active profile set, falling back to 1 default profile: "default"
2026-06-02 15:27:28.754 [restartedMain] INFO  o.s.b.d.e.DevToolsPropertyDefaultsPostProcessor - Devtools property defaults active! Set 'spring.devtools.add-properties' to 'false' to disable
2026-06-02 15:27:30.059 [restartedMain] INFO  o.s.b.d.a.OptionalLiveReloadServer - LiveReload server is running on port 35729
2026-06-02 15:27:30.083 [restartedMain] INFO  o.e.aopexam.afteraop.AopApplication - Started AopApplication in 2.374 seconds (process running for 3.386)
2026-06-02 15:28:33.033 [restartedMain] INFO  o.e.aopexam.afteraop.AopApplication - Starting AopApplication using Java 21.0.6 with PID 6876 (D:\devel\likelion\backend-school_24\workspace\iocexam\out\production\classes started by carami in D:\devel\likelion\backend-school_24\workspace\iocexam)
2026-06-02 15:28:33.036 [restartedMain] INFO  o.e.aopexam.afteraop.AopApplication - No active profile set, falling back to 1 default profile: "default"
2026-06-02 15:28:33.112 [restartedMain] INFO  o.s.b.d.e.DevToolsPropertyDefaultsPostProcessor - Devtools property defaults active! Set 'spring.devtools.add-properties' to 'false' to disable
2026-06-02 15:28:34.370 [restartedMain] INFO  o.s.b.d.a.OptionalLiveReloadServer - LiveReload server is running on port 35729
2026-06-02 15:28:34.395 [restartedMain] INFO  o.e.aopexam.afteraop.AopApplication - Started AopApplication in 2.402 seconds (process running for 3.325)
2026-06-02 15:29:14.712 [restartedMain] INFO  o.e.aopexam.afteraop.AopApplication - Starting AopApplication using Java 21.0.6 with PID 18500 (D:\devel\likelion\backend-school_24\workspace\iocexam\out\production\classes started by carami in D:\devel\likelion\backend-school_24\workspace\iocexam)
2026-06-02 15:29:14.715 [restartedMain] INFO  o.e.aopexam.afteraop.AopApplication - No active profile set, falling back to 1 default profile: "default"
2026-06-02 15:29:14.781 [restartedMain] INFO  o.s.b.d.e.DevToolsPropertyDefaultsPostProcessor - Devtools property defaults active! Set 'spring.devtools.add-properties' to 'false' to disable
2026-06-02 15:29:16.084 [restartedMain] INFO  o.s.b.d.a.OptionalLiveReloadServer - LiveReload server is running on port 35729
2026-06-02 15:29:16.114 [restartedMain] INFO  o.e.aopexam.afteraop.AopApplication - Started AopApplication in 2.361 seconds (process running for 3.303)
2026-06-02 15:30:16.416 [restartedMain] INFO  o.e.aopexam.afteraop.AopApplication - Starting AopApplication using Java 21.0.6 with PID 23000 (D:\devel\likelion\backend-school_24\workspace\iocexam\out\production\classes started by carami in D:\devel\likelion\backend-school_24\workspace\iocexam)
2026-06-02 15:30:16.419 [restartedMain] INFO  o.e.aopexam.afteraop.AopApplication - No active profile set, falling back to 1 default profile: "default"
2026-06-02 15:30:16.494 [restartedMain] INFO  o.s.b.d.e.DevToolsPropertyDefaultsPostProcessor - Devtools property defaults active! Set 'spring.devtools.add-properties' to 'false' to disable
2026-06-02 15:30:17.859 [restartedMain] INFO  o.s.b.d.a.OptionalLiveReloadServer - LiveReload server is running on port 35729
2026-06-02 15:30:17.887 [restartedMain] INFO  o.e.aopexam.afteraop.AopApplication - Started AopApplication in 2.599 seconds (process running for 3.593)
2026-06-02 15:33:30.229 [restartedMain] INFO  o.e.aopexam.afteraop.AopApplication - Starting AopApplication using Java 21.0.6 with PID 21076 (D:\devel\likelion\backend-school_24\workspace\iocexam\out\production\classes started by carami in D:\devel\likelion\backend-school_24\workspace\iocexam)
2026-06-02 15:33:30.238 [restartedMain] INFO  o.e.aopexam.afteraop.AopApplication - No active profile set, falling back to 1 default profile: "default"
2026-06-02 15:33:30.325 [restartedMain] INFO  o.s.b.d.e.DevToolsPropertyDefaultsPostProcessor - Devtools property defaults active! Set 'spring.devtools.add-properties' to 'false' to disable
2026-06-02 15:33:31.581 [restartedMain] INFO  o.s.b.d.a.OptionalLiveReloadServer - LiveReload server is running on port 35729
2026-06-02 15:33:31.603 [restartedMain] INFO  o.e.aopexam.afteraop.AopApplication - Started AopApplication in 2.515 seconds (process running for 3.463)
2026-06-02 15:34:27.063 [restartedMain] INFO  o.e.aopexam.afteraop.AopApplication - Starting AopApplication using Java 21.0.6 with PID 19288 (D:\devel\likelion\backend-school_24\workspace\iocexam\out\production\classes started by carami in D:\devel\likelion\backend-school_24\workspace\iocexam)
2026-06-02 15:34:27.065 [restartedMain] INFO  o.e.aopexam.afteraop.AopApplication - No active profile set, falling back to 1 default profile: "default"
2026-06-02 15:34:27.137 [restartedMain] INFO  o.s.b.d.e.DevToolsPropertyDefaultsPostProcessor - Devtools property defaults active! Set 'spring.devtools.add-properties' to 'false' to disable
2026-06-02 15:34:28.395 [restartedMain] INFO  o.s.b.d.a.OptionalLiveReloadServer - LiveReload server is running on port 35729
2026-06-02 15:34:28.420 [restartedMain] INFO  o.e.aopexam.afteraop.AopApplication - Started AopApplication in 2.286 seconds (process running for 3.112)
2026-06-02 15:34:28.431 [restartedMain] INFO  o.s.b.a.l.ConditionEvaluationReportLogger - 

Error starting ApplicationContext. To display the condition evaluation report re-run your application with 'debug' enabled.
2026-06-02 15:34:28.458 [restartedMain] ERROR o.s.boot.SpringApplication - Application run failed
java.lang.RuntimeException
	at org.example.aopexam.afteraop.SimpleService.doSomething2(SimpleService.java:16)
	at java.base/jdk.internal.reflect.DirectMethodHandleAccessor.invoke(DirectMethodHandleAccessor.java:103)
	at java.base/java.lang.reflect.Method.invoke(Method.java:580)
	at org.springframework.aop.support.AopUtils.invokeJoinpointUsingReflection(AopUtils.java:360)
	at org.springframework.aop.framework.ReflectiveMethodInvocation.invokeJoinpoint(ReflectiveMethodInvocation.java:196)
	at org.springframework.aop.framework.ReflectiveMethodInvocation.proceed(ReflectiveMethodInvocation.java:163)
	at org.springframework.aop.aspectj.AspectJAfterThrowingAdvice.invoke(AspectJAfterThrowingAdvice.java:64)
	at org.springframework.aop.framework.ReflectiveMethodInvocation.proceed(ReflectiveMethodInvocation.java:184)
	at org.springframework.aop.framework.adapter.AfterReturningAdviceInterceptor.invoke(AfterReturningAdviceInterceptor.java:57)
	at org.springframework.aop.framework.ReflectiveMethodInvocation.proceed(ReflectiveMethodInvocation.java:184)
	at org.springframework.aop.aspectj.AspectJAfterAdvice.invoke(AspectJAfterAdvice.java:49)
	at org.springframework.aop.framework.ReflectiveMethodInvocation.proceed(ReflectiveMethodInvocation.java:184)
	at org.springframework.aop.framework.adapter.MethodBeforeAdviceInterceptor.invoke(MethodBeforeAdviceInterceptor.java:58)
	at org.springframework.aop.framework.ReflectiveMethodInvocation.proceed(ReflectiveMethodInvocation.java:184)
	at org.springframework.aop.framework.adapter.MethodBeforeAdviceInterceptor.invoke(MethodBeforeAdviceInterceptor.java:58)
	at org.springframework.aop.framework.ReflectiveMethodInvocation.proceed(ReflectiveMethodInvocation.java:184)
	at org.springframework.aop.interceptor.ExposeInvocationInterceptor.invoke(ExposeInvocationInterceptor.java:97)
	at org.springframework.aop.framework.ReflectiveMethodInvocation.proceed(ReflectiveMethodInvocation.java:184)
	at org.springframework.aop.framework.CglibAopProxy$DynamicAdvisedInterceptor.intercept(CglibAopProxy.java:728)
	at org.example.aopexam.afteraop.SimpleService$$SpringCGLIB$$0.doSomething2(<generated>)
	at org.example.aopexam.afteraop.AopApplication.lambda$run$0(AopApplication.java:31)
	at org.springframework.boot.SpringApplication.lambda$callRunner$5(SpringApplication.java:788)
	at org.springframework.util.function.ThrowingConsumer$1.acceptWithException(ThrowingConsumer.java:82)
	at org.springframework.util.function.ThrowingConsumer.accept(ThrowingConsumer.java:60)
	at org.springframework.util.function.ThrowingConsumer$1.accept(ThrowingConsumer.java:86)
	at org.springframework.boot.SpringApplication.callRunner(SpringApplication.java:796)
	at org.springframework.boot.SpringApplication.callRunner(SpringApplication.java:787)
	at org.springframework.boot.SpringApplication.lambda$callRunners$3(SpringApplication.java:772)
	at java.base/java.util.stream.ForEachOps$ForEachOp$OfRef.accept(ForEachOps.java:184)
	at java.base/java.util.stream.SortedOps$SizedRefSortingSink.end(SortedOps.java:357)
	at java.base/java.util.stream.AbstractPipeline.copyInto(AbstractPipeline.java:510)
	at java.base/java.util.stream.AbstractPipeline.wrapAndCopyInto(AbstractPipeline.java:499)
	at java.base/java.util.stream.ForEachOps$ForEachOp.evaluateSequential(ForEachOps.java:151)
	at java.base/java.util.stream.ForEachOps$ForEachOp$OfRef.evaluateSequential(ForEachOps.java:174)
	at java.base/java.util.stream.AbstractPipeline.evaluate(AbstractPipeline.java:234)
	at java.base/java.util.stream.ReferencePipeline.forEach(ReferencePipeline.java:596)
	at org.springframework.boot.SpringApplication.callRunners(SpringApplication.java:772)
	at org.springframework.boot.SpringApplication.run(SpringApplication.java:325)
	at org.springframework.boot.SpringApplication.run(SpringApplication.java:1361)
	at org.springframework.boot.SpringApplication.run(SpringApplication.java:1350)
	at org.example.aopexam.afteraop.AopApplication.main(AopApplication.java:12)
	at java.base/jdk.internal.reflect.DirectMethodHandleAccessor.invoke(DirectMethodHandleAccessor.java:103)
	at java.base/java.lang.reflect.Method.invoke(Method.java:580)
	at org.springframework.boot.devtools.restart.RestartLauncher.run(RestartLauncher.java:50)
2026-06-02 15:36:07.705 [restartedMain] INFO  o.e.aopexam.afteraop.AopApplication - Starting AopApplication using Java 21.0.6 with PID 18708 (D:\devel\likelion\backend-school_24\workspace\iocexam\out\production\classes started by carami in D:\devel\likelion\backend-school_24\workspace\iocexam)
2026-06-02 15:36:07.708 [restartedMain] INFO  o.e.aopexam.afteraop.AopApplication - No active profile set, falling back to 1 default profile: "default"
2026-06-02 15:36:07.774 [restartedMain] INFO  o.s.b.d.e.DevToolsPropertyDefaultsPostProcessor - Devtools property defaults active! Set 'spring.devtools.add-properties' to 'false' to disable
2026-06-02 15:36:09.016 [restartedMain] INFO  o.s.b.d.a.OptionalLiveReloadServer - LiveReload server is running on port 35729
2026-06-02 15:36:09.043 [restartedMain] INFO  o.e.aopexam.afteraop.AopApplication - Started AopApplication in 2.301 seconds (process running for 3.253)
2026-06-02 15:36:48.589 [restartedMain] INFO  o.e.aopexam.afteraop.AopApplication - Starting AopApplication using Java 21.0.6 with PID 16296 (D:\devel\likelion\backend-school_24\workspace\iocexam\out\production\classes started by carami in D:\devel\likelion\backend-school_24\workspace\iocexam)
2026-06-02 15:36:48.593 [restartedMain] INFO  o.e.aopexam.afteraop.AopApplication - No active profile set, falling back to 1 default profile: "default"
2026-06-02 15:36:48.665 [restartedMain] INFO  o.s.b.d.e.DevToolsPropertyDefaultsPostProcessor - Devtools property defaults active! Set 'spring.devtools.add-properties' to 'false' to disable
2026-06-02 15:36:49.936 [restartedMain] INFO  o.s.b.d.a.OptionalLiveReloadServer - LiveReload server is running on port 35729
2026-06-02 15:36:49.962 [restartedMain] INFO  o.e.aopexam.afteraop.AopApplication - Started AopApplication in 2.392 seconds (process running for 3.368)
2026-06-02 15:36:49.976 [restartedMain] INFO  o.s.b.a.l.ConditionEvaluationReportLogger - 

Error starting ApplicationContext. To display the condition evaluation report re-run your application with 'debug' enabled.
2026-06-02 15:36:50.004 [restartedMain] ERROR o.s.boot.SpringApplication - Application run failed
java.lang.RuntimeException
	at org.example.aopexam.afteraop.SimpleService.doSomething2(SimpleService.java:17)
	at java.base/jdk.internal.reflect.DirectMethodHandleAccessor.invoke(DirectMethodHandleAccessor.java:103)
	at java.base/java.lang.reflect.Method.invoke(Method.java:580)
	at org.springframework.aop.support.AopUtils.invokeJoinpointUsingReflection(AopUtils.java:360)
	at org.springframework.aop.framework.ReflectiveMethodInvocation.invokeJoinpoint(ReflectiveMethodInvocation.java:196)
	at org.springframework.aop.framework.ReflectiveMethodInvocation.proceed(ReflectiveMethodInvocation.java:163)
	at org.springframework.aop.aspectj.AspectJAfterThrowingAdvice.invoke(AspectJAfterThrowingAdvice.java:64)
	at org.springframework.aop.framework.ReflectiveMethodInvocation.proceed(ReflectiveMethodInvocation.java:184)
	at org.springframework.aop.framework.adapter.AfterReturningAdviceInterceptor.invoke(AfterReturningAdviceInterceptor.java:57)
	at org.springframework.aop.framework.ReflectiveMethodInvocation.proceed(ReflectiveMethodInvocation.java:184)
	at org.springframework.aop.aspectj.AspectJAfterAdvice.invoke(AspectJAfterAdvice.java:49)
	at org.springframework.aop.framework.ReflectiveMethodInvocation.proceed(ReflectiveMethodInvocation.java:184)
	at org.springframework.aop.framework.adapter.MethodBeforeAdviceInterceptor.invoke(MethodBeforeAdviceInterceptor.java:58)
	at org.springframework.aop.framework.ReflectiveMethodInvocation.proceed(ReflectiveMethodInvocation.java:184)
	at org.springframework.aop.framework.adapter.MethodBeforeAdviceInterceptor.invoke(MethodBeforeAdviceInterceptor.java:58)
	at org.springframework.aop.framework.ReflectiveMethodInvocation.proceed(ReflectiveMethodInvocation.java:184)
	at org.springframework.aop.interceptor.ExposeInvocationInterceptor.invoke(ExposeInvocationInterceptor.java:97)
	at org.springframework.aop.framework.ReflectiveMethodInvocation.proceed(ReflectiveMethodInvocation.java:184)
	at org.springframework.aop.framework.CglibAopProxy$DynamicAdvisedInterceptor.intercept(CglibAopProxy.java:728)
	at org.example.aopexam.afteraop.SimpleService$$SpringCGLIB$$0.doSomething2(<generated>)
	at org.example.aopexam.afteraop.AopApplication.lambda$run$0(AopApplication.java:31)
	at org.springframework.boot.SpringApplication.lambda$callRunner$5(SpringApplication.java:788)
	at org.springframework.util.function.ThrowingConsumer$1.acceptWithException(ThrowingConsumer.java:82)
	at org.springframework.util.function.ThrowingConsumer.accept(ThrowingConsumer.java:60)
	at org.springframework.util.function.ThrowingConsumer$1.accept(ThrowingConsumer.java:86)
	at org.springframework.boot.SpringApplication.callRunner(SpringApplication.java:796)
	at org.springframework.boot.SpringApplication.callRunner(SpringApplication.java:787)
	at org.springframework.boot.SpringApplication.lambda$callRunners$3(SpringApplication.java:772)
	at java.base/java.util.stream.ForEachOps$ForEachOp$OfRef.accept(ForEachOps.java:184)
	at java.base/java.util.stream.SortedOps$SizedRefSortingSink.end(SortedOps.java:357)
	at java.base/java.util.stream.AbstractPipeline.copyInto(AbstractPipeline.java:510)
	at java.base/java.util.stream.AbstractPipeline.wrapAndCopyInto(AbstractPipeline.java:499)
	at java.base/java.util.stream.ForEachOps$ForEachOp.evaluateSequential(ForEachOps.java:151)
	at java.base/java.util.stream.ForEachOps$ForEachOp$OfRef.evaluateSequential(ForEachOps.java:174)
	at java.base/java.util.stream.AbstractPipeline.evaluate(AbstractPipeline.java:234)
	at java.base/java.util.stream.ReferencePipeline.forEach(ReferencePipeline.java:596)
	at org.springframework.boot.SpringApplication.callRunners(SpringApplication.java:772)
	at org.springframework.boot.SpringApplication.run(SpringApplication.java:325)
	at org.springframework.boot.SpringApplication.run(SpringApplication.java:1361)
	at org.springframework.boot.SpringApplication.run(SpringApplication.java:1350)
	at org.example.aopexam.afteraop.AopApplication.main(AopApplication.java:12)
	at java.base/jdk.internal.reflect.DirectMethodHandleAccessor.invoke(DirectMethodHandleAccessor.java:103)
	at java.base/java.lang.reflect.Method.invoke(Method.java:580)
	at org.springframework.boot.devtools.restart.RestartLauncher.run(RestartLauncher.java:50)
2026-06-02 15:37:14.891 [restartedMain] INFO  o.e.aopexam.afteraop.AopApplication - Starting AopApplication using Java 21.0.6 with PID 5352 (D:\devel\likelion\backend-school_24\workspace\iocexam\out\production\classes started by carami in D:\devel\likelion\backend-school_24\workspace\iocexam)
2026-06-02 15:37:14.895 [restartedMain] INFO  o.e.aopexam.afteraop.AopApplication - No active profile set, falling back to 1 default profile: "default"
2026-06-02 15:37:14.961 [restartedMain] INFO  o.s.b.d.e.DevToolsPropertyDefaultsPostProcessor - Devtools property defaults active! Set 'spring.devtools.add-properties' to 'false' to disable
2026-06-02 15:37:16.209 [restartedMain] INFO  o.s.b.d.a.OptionalLiveReloadServer - LiveReload server is running on port 35729
2026-06-02 15:37:16.233 [restartedMain] INFO  o.e.aopexam.afteraop.AopApplication - Started AopApplication in 2.321 seconds (process running for 3.233)
2026-06-02 15:45:37.851 [restartedMain] INFO  o.e.aopexam.afteraop.AopApplication - Starting AopApplication using Java 21.0.6 with PID 14892 (D:\devel\likelion\backend-school_24\workspace\iocexam\out\production\classes started by carami in D:\devel\likelion\backend-school_24\workspace\iocexam)
2026-06-02 15:45:37.853 [restartedMain] INFO  o.e.aopexam.afteraop.AopApplication - No active profile set, falling back to 1 default profile: "default"
2026-06-02 15:45:37.923 [restartedMain] INFO  o.s.b.d.e.DevToolsPropertyDefaultsPostProcessor - Devtools property defaults active! Set 'spring.devtools.add-properties' to 'false' to disable
2026-06-02 15:45:39.294 [restartedMain] INFO  o.s.b.d.a.OptionalLiveReloadServer - LiveReload server is running on port 35729
2026-06-02 15:45:39.322 [restartedMain] INFO  o.e.aopexam.afteraop.AopApplication - Started AopApplication in 2.495 seconds (process running for 3.453)
2026-06-02 15:46:32.893 [restartedMain] INFO  o.e.aopexam.afteraop.AopApplication - Starting AopApplication using Java 21.0.6 with PID 7184 (D:\devel\likelion\backend-school_24\workspace\iocexam\out\production\classes started by carami in D:\devel\likelion\backend-school_24\workspace\iocexam)
2026-06-02 15:46:32.895 [restartedMain] INFO  o.e.aopexam.afteraop.AopApplication - No active profile set, falling back to 1 default profile: "default"
2026-06-02 15:46:32.932 [restartedMain] INFO  o.s.b.d.e.DevToolsPropertyDefaultsPostProcessor - Devtools property defaults active! Set 'spring.devtools.add-properties' to 'false' to disable
2026-06-02 15:46:33.864 [restartedMain] INFO  o.s.b.d.a.OptionalLiveReloadServer - LiveReload server is running on port 35729
2026-06-02 15:46:33.885 [restartedMain] INFO  o.e.aopexam.afteraop.AopApplication - Started AopApplication in 1.475 seconds (process running for 1.907)
2026-06-02 15:51:18.566 [restartedMain] INFO  o.e.aopexam.afteraop.AopApplication - Starting AopApplication using Java 21.0.6 with PID 7584 (D:\devel\likelion\backend-school_24\workspace\iocexam\out\production\classes started by carami in D:\devel\likelion\backend-school_24\workspace\iocexam)
2026-06-02 15:51:18.568 [restartedMain] INFO  o.e.aopexam.afteraop.AopApplication - No active profile set, falling back to 1 default profile: "default"
2026-06-02 15:51:18.640 [restartedMain] INFO  o.s.b.d.e.DevToolsPropertyDefaultsPostProcessor - Devtools property defaults active! Set 'spring.devtools.add-properties' to 'false' to disable
2026-06-02 15:51:20.023 [restartedMain] INFO  o.s.b.d.a.OptionalLiveReloadServer - LiveReload server is running on port 35729
2026-06-02 15:51:20.050 [restartedMain] INFO  o.e.aopexam.afteraop.AopApplication - Started AopApplication in 2.619 seconds (process running for 3.655)
